TN:
SF:components\Detail-page.component\Detail-page.component.tsx
FN:10,DetailPageComponent
FNF:1
FNH:1
FNDA:2,DetailPageComponent
DA:1,1
DA:2,1
DA:3,1
DA:4,1
DA:5,1
DA:6,1
DA:7,1
DA:8,1
DA:9,1
DA:10,1
DA:11,2
DA:12,2
DA:13,2
DA:14,2
DA:15,2
DA:16,2
DA:17,2
DA:18,2
DA:19,2
DA:20,2
DA:21,2
DA:22,2
DA:23,2
DA:24,2
DA:25,2
DA:26,2
DA:27,2
DA:28,2
DA:29,2
DA:30,2
DA:31,2
DA:32,2
DA:33,2
DA:34,2
DA:35,2
DA:36,2
DA:37,2
DA:38,2
DA:39,2
DA:40,2
DA:41,2
DA:42,2
DA:43,2
DA:44,2
DA:45,2
DA:46,2
DA:47,2
DA:48,2
DA:49,2
DA:50,2
DA:51,2
DA:52,2
DA:53,2
DA:54,2
DA:55,2
DA:56,2
DA:57,2
DA:58,2
DA:59,2
DA:60,2
DA:61,2
DA:62,2
DA:63,2
DA:64,1
DA:65,1
LF:65
LH:65
BRDA:10,0,0,2
BRDA:12,1,0,0
BRF:2
BRH:1
end_of_record
TN:
SF:components\Drop-down.component\Drop-down.component.tsx
FN:8,DropDownComponent
FN:23,exportDataCSV
FN:44,onClick
FNF:3
FNH:2
FNDA:2,DropDownComponent
FNDA:0,exportDataCSV
FNDA:1,onClick
DA:1,1
DA:2,1
DA:3,1
DA:4,1
DA:5,1
DA:6,1
DA:7,1
DA:8,1
DA:9,2
DA:10,2
DA:11,2
DA:12,2
DA:13,2
DA:14,2
DA:15,2
DA:16,2
DA:17,2
DA:18,2
DA:19,2
DA:20,2
DA:21,2
DA:22,2
DA:23,2
DA:24,0
DA:25,0
DA:26,0
DA:27,0
DA:28,0
DA:29,0
DA:30,0
DA:31,0
DA:32,0
DA:33,0
DA:34,0
DA:35,0
DA:36,0
DA:37,0
DA:38,2
DA:39,2
DA:40,2
DA:41,2
DA:42,2
DA:43,2
DA:44,2
DA:45,2
DA:46,2
DA:47,2
DA:48,2
DA:49,2
DA:50,2
DA:51,2
DA:52,2
DA:53,2
DA:54,2
DA:55,2
DA:56,2
DA:57,2
DA:58,2
DA:59,2
DA:60,2
DA:61,2
DA:62,2
DA:63,2
DA:64,2
DA:65,2
DA:66,2
DA:67,2
DA:68,2
DA:69,1
DA:70,1
LF:70
LH:56
BRDA:8,0,0,2
BRDA:41,1,0,0
BRDA:46,2,0,0
BRDA:53,3,0,0
BRDA:61,4,0,0
BRDA:12,5,0,3
BRDA:15,6,0,3
BRDA:18,7,0,3
BRDA:44,8,0,1
BRF:9
BRH:5
end_of_record
TN:
SF:components\Error-boundary.component\Error-boundary.component.tsx
FN:7,ErrorBoundaryComponent
FN:12,getDerivedStateFromError
FN:16,render
FNF:3
FNH:2
FNDA:1,ErrorBoundaryComponent
FNDA:0,getDerivedStateFromError
FNDA:1,render
DA:1,1
DA:2,1
DA:3,1
DA:4,1
DA:5,1
DA:6,1
DA:7,1
DA:8,1
DA:9,1
DA:10,1
DA:11,1
DA:12,1
DA:13,0
DA:14,0
DA:15,1
DA:16,1
DA:17,1
DA:18,1
DA:19,1
DA:20,1
DA:21,0
DA:22,0
DA:23,0
DA:24,0
DA:25,0
DA:26,0
DA:27,0
DA:28,0
DA:29,1
DA:30,1
DA:31,1
DA:32,1
DA:33,1
DA:34,1
LF:34
LH:24
BRDA:7,0,0,1
BRDA:16,1,0,1
BRDA:20,2,0,0
BRF:3
BRH:2
end_of_record
TN:
SF:components\Home-page.component\Home-page.component.tsx
FN:13,HomePageComponent
FN:23,changeStorageSearch
FNF:2
FNH:2
FNDA:3,HomePageComponent
FNDA:1,changeStorageSearch
DA:1,1
DA:2,1
DA:3,1
DA:4,1
DA:5,1
DA:6,1
DA:7,1
DA:8,1
DA:9,1
DA:10,1
DA:11,1
DA:12,1
DA:13,1
DA:14,3
DA:15,3
DA:16,3
DA:17,3
DA:18,3
DA:19,3
DA:20,3
DA:21,3
DA:22,3
DA:23,3
DA:24,1
DA:25,1
DA:26,3
DA:27,3
DA:28,1
DA:29,3
DA:30,3
DA:31,3
DA:32,3
DA:33,3
DA:34,3
DA:35,3
DA:36,3
DA:37,3
DA:38,3
DA:39,3
DA:40,3
DA:41,3
DA:42,3
DA:43,3
DA:44,3
DA:45,3
DA:46,3
DA:47,3
DA:48,3
DA:49,3
DA:50,3
DA:51,3
DA:52,3
DA:53,3
DA:54,3
DA:55,3
DA:56,3
DA:57,3
DA:58,3
DA:59,3
DA:60,3
DA:61,3
DA:62,1
DA:63,1
LF:63
LH:63
BRDA:13,0,0,3
BRDA:33,1,0,0
BRDA:23,2,0,1
BRDA:27,3,0,1
BRF:4
BRH:3
end_of_record
TN:
SF:components\Not-found-page.component\Not-found-page.component.tsx
FN:4,NotFoundPageComponent
FNF:1
FNH:1
FNDA:1,NotFoundPageComponent
DA:1,1
DA:2,1
DA:3,1
DA:4,1
DA:5,1
DA:6,1
DA:7,1
DA:8,1
DA:9,1
DA:10,1
DA:11,1
DA:12,1
DA:13,1
DA:14,1
DA:15,1
DA:16,1
DA:17,1
DA:18,1
DA:19,1
DA:20,1
DA:21,1
DA:22,1
DA:23,1
DA:24,1
LF:24
LH:24
BRDA:4,0,0,1
BRF:1
BRH:1
end_of_record
TN:
SF:components\Pagination.component\Pagination.component.tsx
FN:6,PaginationComponent
FN:11,changePagination
FN:25,onClick
FN:34,onClick
FNF:4
FNH:1
FNDA:2,PaginationComponent
FNDA:0,changePagination
FNDA:0,onClick
FNDA:0,onClick
DA:1,1
DA:2,1
DA:3,1
DA:4,1
DA:5,1
DA:6,1
DA:7,2
DA:8,2
DA:9,2
DA:10,2
DA:11,2
DA:12,0
DA:13,0
DA:14,0
DA:15,0
DA:16,0
DA:17,0
DA:18,0
DA:19,0
DA:20,0
DA:21,2
DA:22,2
DA:23,2
DA:24,2
DA:25,2
DA:26,2
DA:27,2
DA:28,2
DA:29,2
DA:30,2
DA:31,2
DA:32,2
DA:33,2
DA:34,2
DA:35,2
DA:36,2
DA:37,2
DA:38,2
DA:39,2
DA:40,2
DA:41,2
DA:42,2
DA:43,2
DA:44,1
DA:45,1
LF:45
LH:36
BRDA:6,0,0,2
BRDA:28,1,0,0
BRDA:37,2,0,0
BRF:3
BRH:1
end_of_record
TN:
SF:components\Search-item.component\Search-item.component.tsx
FN:6,SearchItemComponent
FN:18,handleChange
FN:62,onChange
FNF:3
FNH:1
FNDA:4,SearchItemComponent
FNDA:0,handleChange
FNDA:0,onChange
DA:1,1
DA:2,1
DA:3,1
DA:4,1
DA:5,1
DA:6,1
DA:7,4
DA:8,4
DA:9,4
DA:10,4
DA:11,4
DA:12,4
DA:13,6
DA:14,4
DA:15,4
DA:16,4
DA:17,4
DA:18,4
DA:19,0
DA:20,0
DA:21,0
DA:22,0
DA:23,0
DA:24,0
DA:25,0
DA:26,0
DA:27,0
DA:28,0
DA:29,0
DA:30,0
DA:31,0
DA:32,0
DA:33,0
DA:34,0
DA:35,0
DA:36,4
DA:37,4
DA:38,4
DA:39,4
DA:40,4
DA:41,4
DA:42,4
DA:43,4
DA:44,4
DA:45,4
DA:46,4
DA:47,4
DA:48,4
DA:49,4
DA:50,4
DA:51,4
DA:52,4
DA:53,4
DA:54,4
DA:55,4
DA:56,4
DA:57,4
DA:58,4
DA:59,4
DA:60,4
DA:61,4
DA:62,4
DA:63,4
DA:64,4
DA:65,4
DA:66,4
DA:67,4
DA:68,4
DA:69,4
DA:70,4
DA:71,4
DA:72,1
DA:73,1
LF:73
LH:56
BRDA:6,0,0,4
BRDA:12,1,0,6
BRF:2
BRH:2
end_of_record
TN:
SF:components\Search-list.component\Search-list.component.tsx
FN:5,SearchListComponent
FNF:1
FNH:1
FNDA:2,SearchListComponent
DA:1,1
DA:2,1
DA:3,1
DA:4,1
DA:5,1
DA:6,2
DA:7,2
DA:8,2
DA:9,2
DA:10,3
DA:11,3
DA:12,3
DA:13,3
DA:14,3
DA:15,3
DA:16,3
DA:17,3
DA:18,3
DA:19,3
DA:20,3
DA:21,3
DA:22,3
DA:23,2
DA:24,2
DA:25,2
DA:26,2
DA:27,1
DA:28,1
LF:28
LH:28
BRDA:5,0,0,2
BRDA:9,1,0,3
BRF:2
BRH:2
end_of_record
TN:
SF:components\Search.component\Search.component.tsx
FN:7,SearchComponent
FN:29,handleSubmit
FN:40,throwError
FNF:3
FNH:2
FNDA:5,SearchComponent
FNDA:1,handleSubmit
FNDA:0,throwError
DA:1,1
DA:2,1
DA:3,1
DA:4,1
DA:5,1
DA:6,1
DA:7,1
DA:8,5
DA:9,5
DA:10,5
DA:11,3
DA:12,3
DA:13,3
DA:14,0
DA:15,3
DA:16,0
DA:17,0
DA:18,3
DA:19,3
DA:20,5
DA:21,5
DA:22,5
DA:23,5
DA:24,5
DA:25,5
DA:26,4
DA:27,5
DA:28,5
DA:29,5
DA:30,1
DA:31,1
DA:32,1
DA:33,1
DA:34,1
DA:35,1
DA:36,1
DA:37,1
DA:38,1
DA:39,5
DA:40,5
DA:41,0
DA:42,0
DA:43,5
DA:44,5
DA:45,5
DA:46,5
DA:47,5
DA:48,5
DA:49,5
DA:50,5
DA:51,5
DA:52,5
DA:53,5
DA:54,5
DA:55,5
DA:56,5
DA:57,5
DA:58,5
DA:59,5
DA:60,5
DA:61,5
DA:62,5
DA:63,5
DA:64,5
DA:65,5
DA:66,5
DA:67,5
DA:68,5
DA:69,5
DA:70,5
DA:71,5
DA:72,5
DA:73,5
DA:74,5
DA:75,5
DA:76,5
DA:77,5
DA:78,5
DA:79,5
DA:80,1
DA:81,1
LF:81
LH:76
BRDA:7,0,0,5
BRDA:44,1,0,0
BRDA:51,2,0,0
BRDA:58,3,0,0
BRDA:65,4,0,0
BRDA:72,5,0,0
BRDA:10,6,0,3
BRDA:13,7,0,0
BRDA:15,8,0,0
BRDA:15,9,0,0
BRDA:25,10,0,4
BRDA:29,11,0,1
BRF:12
BRH:4
end_of_record
TN:
SF:models\Local-storage.model.ts
FNF:0
FNH:0
DA:1,1
DA:2,1
LF:2
LH:2
BRF:0
BRH:0
end_of_record
TN:
SF:redux\RtkApi.ts
FN:16,endpoints
FN:18,query
FN:25,query
FNF:3
FNH:3
FNDA:3,endpoints
FNDA:1,query
FNDA:1,query
DA:1,1
DA:2,1
DA:3,1
DA:4,1
DA:5,1
DA:6,1
DA:7,1
DA:8,1
DA:9,1
DA:10,1
DA:11,1
DA:12,1
DA:13,1
DA:14,1
DA:15,1
DA:16,1
DA:17,3
DA:18,3
DA:19,1
DA:20,0
DA:21,1
DA:22,3
DA:23,3
DA:24,3
DA:25,3
DA:26,1
DA:27,3
DA:28,3
DA:29,1
DA:30,1
DA:31,1
DA:32,1
DA:33,1
DA:34,1
DA:35,1
DA:36,1
DA:37,1
DA:38,1
DA:39,1
DA:40,1
DA:41,1
DA:42,1
DA:43,1
DA:44,1
DA:45,1
DA:46,1
DA:47,1
DA:48,1
DA:49,1
DA:50,1
DA:51,1
DA:52,1
DA:53,1
DA:54,1
DA:55,1
DA:56,1
DA:57,1
DA:58,1
DA:59,1
DA:60,1
DA:61,1
DA:62,1
DA:63,1
DA:64,1
DA:65,1
LF:65
LH:64
BRDA:16,0,0,3
BRDA:18,1,0,1
BRDA:19,2,0,0
BRDA:25,3,0,1
BRDA:26,4,0,0
BRF:5
BRH:3
end_of_record
TN:
SF:redux\counterSlice.ts
FN:14,addCard
FN:22,removeCard
FN:31,removeAllCards
FNF:3
FNH:3
FNDA:1,addCard
FNDA:1,removeCard
FNDA:2,removeAllCards
DA:1,1
DA:2,1
DA:3,1
DA:4,1
DA:5,1
DA:6,1
DA:7,1
DA:8,1
DA:9,1
DA:10,1
DA:11,1
DA:12,1
DA:13,1
DA:14,1
DA:15,1
DA:16,1
DA:17,1
DA:18,1
DA:19,1
DA:20,1
DA:21,1
DA:22,1
DA:23,1
DA:24,1
DA:25,1
DA:26,1
DA:27,1
DA:28,1
DA:29,1
DA:30,1
DA:31,1
DA:32,2
DA:33,2
DA:34,2
DA:35,2
DA:36,2
DA:37,1
DA:38,1
DA:39,1
DA:40,1
DA:41,1
LF:41
LH:41
BRDA:14,0,0,1
BRDA:22,1,0,1
BRDA:25,2,0,1
BRDA:27,3,0,1
BRDA:31,4,0,2
BRF:5
BRH:5
end_of_record
TN:
SF:redux\hook.ts
FN:4,useAppDispatch
FNF:1
FNH:1
FNDA:5,useAppDispatch
DA:1,1
DA:2,1
DA:3,1
DA:4,1
DA:5,1
LF:5
LH:5
BRDA:4,0,0,5
BRF:1
BRH:1
end_of_record
TN:
SF:redux\index.ts
FN:10,middleware
FNF:1
FNH:1
FNDA:3,middleware
DA:1,1
DA:2,1
DA:3,1
DA:4,1
DA:5,1
DA:6,1
DA:7,1
DA:8,1
DA:9,1
DA:10,1
DA:11,3
DA:12,1
DA:13,1
DA:14,1
DA:15,1
DA:16,1
DA:17,1
LF:17
LH:17
BRDA:10,0,0,3
BRF:1
BRH:1
end_of_record
TN:
SF:services\Theme.provider.tsx
FN:9,toggleTheme
FN:12,ThemeProvider
FNF:2
FNH:0
FNDA:0,toggleTheme
FNDA:0,ThemeProvider
DA:1,1
DA:2,1
DA:3,1
DA:4,1
DA:5,1
DA:6,1
DA:7,1
DA:8,1
DA:9,1
DA:10,1
DA:11,1
DA:12,1
DA:13,0
DA:14,0
DA:15,0
DA:16,0
DA:17,0
DA:18,0
DA:19,0
DA:20,0
DA:21,0
DA:22,0
DA:23,0
DA:24,0
DA:25,0
DA:26,0
DA:27,0
DA:28,1
DA:29,1
LF:29
LH:14
BRF:0
BRH:0
end_of_record
TN:
SF:services\useLocalStorage.service.ts
FN:3,useLocalStorage
FN:6,changeValue
FNF:2
FNH:2
FNDA:2,useLocalStorage
FNDA:1,changeValue
DA:1,1
DA:2,1
DA:3,1
DA:4,2
DA:5,2
DA:6,2
DA:7,1
DA:8,0
DA:9,1
DA:10,1
DA:11,1
DA:12,1
DA:13,2
DA:14,2
DA:15,2
DA:16,1
DA:17,1
LF:17
LH:16
BRDA:3,0,0,2
BRDA:6,1,0,1
BRDA:7,2,0,0
BRF:3
BRH:2
end_of_record
